[    .00000] Initializng cgroup subsys cpuset
[   0.000000] Initilizin cgroup subsys cpu
    0.00000] Initializing cgroup subsys cpucct
[   .00000] Lnux vrsion 4.4.0-193generi (buidd@lgw01-amd64-024) gcc vrsion 5.4.0 2016069 (Ubunt 5.4.0-6ubuntu1~16.04.12 ) #224-Ubntu SMP Tue Oct 6 17:15:28 UTC 2020 (Ubuntu 4.4.0-193.224-generc 4.4.236)
[    0.000000] Command line: BOOT_IMAGE=/boot/vmlinuz-4.4.0-193-generic root=LABEL=cloudimg-rootfs ro console=tty1 console=ttyS0
[    0.000000] KERNEL supported cpus:
[    0.000000]   Intel GenuineIntel
[    0.000000]   AMD AuthenticAMD
[    0.000000]   Centaur CentaurHauls
[    0.000000] x86//fpu: Legacy x87 FPU detected
[    0.000000] e820: BIOS-provided physical RAM map:
[    0.000000] BIOS-e820: [me 0x0000000000000-0x0000000009fbff] usabl
[    000000] BIOS-820: [em 0x000000000009fc00-0x000000000009ffff]reserve
[   0.00000] BIOS-e820: [mem 0x00000000000f0000-0x0000000000fffff] eservd
[    0.00000] BIOS-e820: [mem 0x0000000000100000-0x000000003ffeffff] usable
[    0.000000] BIOS-e820: [mem 0x000000003fff0000-0x000000003fffffff] ACPI data
[    0.000000] BIOS-e820: [mem 0x00000000fec00000-0x00000000fec00fff] reserved
[    0.000000] BIOS-e820: [mem 0x00000000fee00000-0x00000000fee00fff] reserved
[    0.000000] BIOS-e820: [mem 0x0000000fffc0000-0x0000000ffffffff] reserved
[    0.000000] NX (Execue Disable) rotection: active
[    .000000] SMBIOS 2.5 present.
[   0.000000 Hypervisr detected: KVM
    .000000] e820: las_pfn = 0x3fff0 max_arch_pfn =0x40000000
[    0.000000] MTRR: Disabled
[   0.000000] x8/PAT: MTRRs disabled, skipping PAT initializtion too.
[    0.000000] CPU MTRRs all blank - virtualized system.
[    0.000000] x86/PAT: Configuration [0-7]: WB  WT  UC- UC  WB  WT  UC- UC  
[    0.000000] found SMP MP-table at [mem 0x0009fff0-0x0009ffff] mapped at [ffff88000009fff0]
[    0.000000] Scanning 1 areas for low memory corruption
[    0000000] RAMDISK: [mem 0x362de000-0x37166fff]
[    0.000000] ACPI: Early table checksum verification disabled
[    0.000000] ACPI: RSDP 0x000000000000000 000024 (v02VBOX  )
[    0.000000] ACPI: XSDT 0x000000003FFF0030 00003C (v01 VBOX   VBOXXSDT 00000001 ASL  00000061)
[    0.000000] ACPI: FACP 0x000000003FFF00F0 0000F4 (v04 VBOX   VBOXFACP 00000001 ASL  00000061)
[    0.000000] ACPI: DSDT 0x000000003FFF0470 0021FF (v02 VBOX   VBOXBIOS 00000002 INTL 20100528)
[    0.000000] ACPI: FACS 0x000000003FFF0200 000040
[    0.000000] ACPI: FACS 0x000000003FFF0200 000040
[    0.000000] ACPI: APIC 0x000000003FFF0240 00005C (v02 VBOX   VBOXAIC 00000001 ASL  00000061)
[    0.000000] ACPI: SSDT 0x000000003FFF02A0 0001CC (v01 VBOX   VBOXCPUT 00000002 INTL 20100528)
[    0.000000] No NUMA configuration found
[    0.000000] Faking a node at [mem 0x0000000000000000-0x000000003ffeffff]
[    0.000000] NDE_DATA(0) allocated [mem 0x3ffeb000-0x3ffeffff]
[    0.000000] kvm-clock: Using msrs 4b564d01 and 4b564d00
[    0.000000] kvm-clock: cpu 0, msr 0:3ffe3001, primary cpu clock
[    0.000000] kvm-clock: using sched offset of 7471204161 cycles
[    0.000000] clocksource: kvm-clock: mask: 0xffffffffffffffff max_cycles: 0x1cd42e4dffb, max_idle_ns: 881590591483 ns
[    0.000000] Zone ranges:
[    0.000000]   DMA      [mem 0x0000000000001000-0x0000000000ffffff]
[[   0.000000]  DMA32    [mem 0x00000000100000-000000000ffeffff]
[    0.000000   Normal   empty
[    0.000000]   Device   empty
[    0.000000] Movable zone start for each node
[    0.000000] Early memory node ranges
[    0.000000]   node   0: [mem 0x0000000000001000-0x000000000009efff]
[    0.000000]   node   0: [mem 0x000000000100000-0x000000003ffeffff]
[    0.000000] Initmemsetup node 0 [mem 0x0000000000001000-0x000000003ffeffff]
[    0.000000] ACPI:PM-Timer IO Port: x4008
[    0.000000] IOAPIC[0]: apic_id 2, version 32, address 0xfec00000, GSI 0-23
[    0.000000] ACPI: INT_SRC_OVR (bus 0 bus_irq 0 global_irq 2 dfl dfl)
[    0.00000] ACPI: INT_SRC_OVR (bus 0 bus_irq 9 global_irq 9 low level)
[    0.00000] Using ACPI (MADT) for SMP configuration information
[    0.000000] smpboot: Allowing 2 CPUs, 0 hotplug CPUs
[    0.000000] PM: Registered nosave memory: [mem 0x00000000-0x00000fff]
[    0.000000] PM: Registered nosave memory: [mem 0x0009f000-0x0009ffff]
[    0.000000] PM: Registered nosave memory: [mem 0x000a0000-0x000effff]
[    0.000000] PM: Registered nosave memory: [mem 0x000f0000-0x000fffff]
[    0.000000] e820: [mem 0x40000000-0xfebfffff] available for PCI devices
[    0000000] Booting paravirtualized kernel on KVM
[    0.000000] clocksource: refined-jiffies: mask: xffffffff max_cycles: 0xffffffff, max_idlens: 7645519600211568 ns
[    0.000000] setup_percpu: NR_CPUS:512 nr_cpumask_bits:512 nr_cpu_ids:2 nr_node_ids:1
[    0.000000] PERCPU: mbedded 33 pages/cpu @ffff88003fc00000 s95512 r8192 d3164 u1048576
[    0.000000] Built 1 zonelists in Node ordder, mobility rouping on.  Total pages: 257912
[   0..00000] Polcy zone: DA32
[    0.000000] Kernel command line: BOOT_IMAGE=/boot/vmlinuz-4.4.0-193-generic root=LABE=cloudimg-rootfs o console=tty1 console=ttyS0
[    0.000000] PID hash table entries: 4096 (order: 3, 32768 bytes)
[    0.000000] Memory: 997660K/1048120K available (8640K kernel code, 1337K rwdata, 4040K rodata, 1492K init, 1296K bss, 50460K reserved, 0K cma-reserved)
[    0.000000] SLUB: HWalign=64, Order=0-3, MinObjects=0, CPUs=2, Nodes=1
[    0.000000] Kernel/User page tables isolation: enaled
[   0.000000] Hierrchical RCU implementation.
[    0.000000] 	Build-time adjustent of lea fanout to 64.
[    0.000000] 	RCU restricting CPUs from NR_CPUS=512to nr_cpu_ids=2.
[    0.000000] RCU Addjusting geometry for rcu_fanout_eaf=64 nr_cpu_ids=2
[    0.000000] NR_IRQS:33024 nr_rqs:440 16
[    0.000000] Console: colour VGA+ 80x25
[    0.000000] console [tty1] enabled
[    0.000000] console [ttyS0] enabled
[   0.000000] tsc: Detected 1599.950 MHz processor
[    9.107091] Calibrating delay loop (skipped) preset value.. 3199.90 BogoMIPS (lpj=6399800)
[    9.169523] pid_max: default: 32768 minimum: 301
[    9.188811] ACPI: Core revision 20150930
[    9.207481] ACPI: 2 ACPI AML tables successfully acquired and loaded
[    9.252512] Security Framework initialized
[    9.265252] Yama: becoming mindful.
[    9.288637] AppArmor: AppArmor initialized
[    9.304609] Dentry cache hash table entries: 131072 (order: 8, 1048576 bytes)
[    9.314824] Inode-cache hash table entries: 65536 (order: 7, 524288 bytes)
[    9.349493] Mount-cache hash table entries: 2048 (order: 2, 16384 bytes)
[    9.391136] Mountpoint-cache hash table entries: 2048 (order: 2, 16384 bytes)
[    9.400339] Initializing cgroup subsys io
[    9.404369] Initializing cgroup subsys memory
[    9.414895] Initializing cgroup subsys devices
[    9.422269] Initializing cgroup subsys freezer
[    9.432172] Initializing cgroup subsys net_cls
[    9.440903] Initializing cgroup subsys perf_event
[    9.452469] Initializing cgroup subsys net_prio
[    9.518685] Initializing cgroup subsys hugetlb
[    9.570219] Initializing cgroup subsys pids
[    9.618072] mce: CPU supports 0 MCE banks
[    9.642357] Last level iTLB entries: 4KB 48, 2MB 0, 4MB 0
[    9.655361] Last level dTLB entries: 4KB 256, 2MB 16, 4MB 16, 1GB 0
[    9.672690] Spectre V1 : Mitigation: usercopy/swapgs barriers and __user pointer sanitization
[    9.701877] Spectre V2 : Mitigation: Full generic retpoline
[    9.732534] Spectre V2 : Spectre v2 / SpectreRSB mitigation: Filling RSB on context switch
[    9.760036] MDS: Vulnerable: Clear CPU buffers attempted, no microcode
[    9.799125] Freeing SMP alternatives memory: 36K
[    9.829948] ftrace: allocating 32346 entries in 127 pages
[   10.008451] smpboot: APIC(0) Converting physical 0 to logical package 0
[   10.040582] smpboot: Max logical packages: 1
[   10.077008] x2apic enabled
[   10.088492] Switched APIC routing to physical x2apic.
[   10.103881] ..TIMER: vector=0x30 apic1=0 pin1=2 apic2=-1 pin2=-1
[   10.256313] smpboot: CPU0: Intel(R) Celeron(R) CPU  N3050  @ 1.60GHz (family: 0x6, model: 0x4c, stepping: 0x3)
[   10.307987] Performance Events: unsupported p6 CPU model 76 no PMU driver, software events only.
[   10.435769] KVM setup paravirtual spinlock
[   10.455750] x86: Booting SMP configuration:
[   10.471331] .... node  #0, CPUs:      #1
[   10.545493] kvm-clock: cpu 1, msr 0:3ffe3041, secondary cpu clock
[   10.586683] mce: CPU supports 0 MCE banks
[   10.622220] x86: Booted up 1 node, 2 CPUs
[   10.654748] smpboot: Total of 2 processors activated (6399.80 BogoMIPS)
[   10.684731] devtmpfs: initialized
[   10.710758] evm: security.selinux
[   10.740422] evm: security.SMACK64
[   10.758313] evm: security.SMACK64EXEC
[   10.765094] evm: security.SMACK64TRANSMUTE
[   10.780980] evm: security.SMACK64MMAP
[   10.789934] evm: security.ima
[   10.799408] evm: security.capability
[   10.806039] clocksource: jiffies: mask: 0xffffffff max_cycles: 0xffffffff, max_idle_ns: 7645041785100000 ns
[   10.818669] futex hash table entries: 512 (order: 3, 32768 bytes)
[   10.834082] pinctrl core: initialized pinctrl subsystem
[   10.839983] RTC time: 13:16:16, date: 10/27/20
[   10.870219] NET: Registered protocol family 16
[   10.888687] cpuidle: using governor ladder
[   10.985479] cpuidle: using governor menu
[   11.024642] PCCT header not found.
[   11.029873] ACPI: bus type PCI registered
[   11.035507] acpiphp: ACPI Hot Plug PCI Controller Driver version: 0.5
[   11.047335] PCI: Using configuration type 1 for base access
[   11.099907] ACPI: Added _OSI(Module Device)
[   11.152943] ACPI: Added _OSI(Processor Device)
[   11.157414] ACPI: Added _OSI(3.0 _SCP Extensions)
[   11.168499] ACPI: Added _OSI(Processor Aggregator Device)
[   11.217828] ACPI: Executed 1 blocks of module-level executable AML code
[   11.353089] ACPI: Interpreter enabled
[   11.369071] ACPI: (supports S0 S5)
[   11.382129] ACPI: Using IOAPIC for interrupt routing
[   11.423512] PCI: Using host bridge windows from ACPI; if necessary, use "pci=nocrs" and report a bug
[   11.490773] ACPI: PCI Root Bridge [PCI0] (domain 0000 [bus 00-ff])
[   11.512572] acpi PNP0A03:00: _OSC: OS supports [ASPM ClockPM Segments MSI]
[   11.530122] acpi PNP0A03:00: _OSC: not requesting OS control; OS requires [ExtendedConfig ASPM ClockPM MSI]
[   11.556616] acpi PNP0A03:00: fail to add MMCONFIG information, can't access extended PCI configuration space under this bridge.
[   11.621742] PCI host bridge to bus 0000:00
[   11.629671] pci_bus 0000:00: root bus resource [io  0x0000-0x0cf7 window]
[   11.635572] pci_bus 0000:00: root bus resource [io  0x0d00-0xffff window]
[   11.650724] pci_bus 0000:00: root bus resource [mem 0x000a0000-0x000bffff window]
[   11.677297] pci_bus 0000:00: root bus resource [mem 0x40000000-0xfdffffff window]
[   11.698895] pci_bus 0000:00: root bus resource [bus 00-ff]
[   11.713781] pci 0000:00:01.1: legacy IDE quirk: reg 0x10: [io  0x01f0-0x01f7]
[   11.721188] pci 0000:00:01.1: legacy IDE quirk: reg 0x14: [io  0x03f6]
[   11.749072] pci 0000:00:01.1: legacy IDE quirk: reg 0x18: [io  0x0170-0x0177]
[   11.781525] pci 0000:00:01.1: legacy IDE quirk: reg 0x1c: [io  0x0376]
[   11.899961] pci 0000:00:07.0: quirk: [io  0x4000-0x403f] claimed by PIIX4 ACPI
[   11.963630] pci 0000:00:07.0: quirk: [io  0x4100-0x410f] claimed by PIIX4 SMB
[   12.050614] ACPI: PCI Interrupt Link [LNKA] (IRQs 5 9 10 *11)
[   12.091347] ACPI: PCI Interrupt Link [LNKB] (IRQs 5 9 *10 11)
[   12.168633] ACPI: PCI Interrupt Link [LNKC] (IRQs 5 *9 10 11)
[   12.213286] ACPI: PCI Interrupt Link [LNKD] (IRQs 5 9 10 *11)
[   12.262031] ACPI: Enabled 2 GPEs in block 00 to 07
[   12.350896] vgaarb: setting as boot device: PCI:0000:00:02.0
[   12.399909] vgaarb: device added: PCI:0000:00:02.0,decodes=io+mem,owns=io+mem,locks=none
[   12.453797] vgaarb: loaded
[   12.479095] vgaarb: bridge control possible 0000:00:02.0
[   12.489430] SCSI subsystem initialized
[   12.500408] ACPI: bus type USB registered
[   12.530190] usbcore: registered new interface driver usbfs
[   12.570858] usbcore: registered new interface driver hub
[   12.617448] usbcore: registered new device driver usb
[   12.678261] PCI: Using ACPI for IRQ routing
[   12.717306] NetLabel: Initializing
[   12.756075] NetLabel:  domain hash size = 128
[   12.772949] NetLabel:  protocols = UNLABELED CIPSOv4
[   12.785859] NetLabel:  unlabeled traffic allowed by default
[   12.823230] amd_nb: Cannot enumerate AMD northbridges
[   12.843015] clocksource: Switched to clocksource kvm-clock
[   12.895503] AppArmor: AppArmor Filesystem Enabled
[   12.900938] pnp: PnP ACPI init
[   12.907507] pnp: PnP ACPI: found 3 devices
[  12.93520clksource: acpipmmask: 0xfffff ma_cycles: 0ffffff,maid_ns: 2085701024 ns
[   14.030899] NET: Registered protocol family 2

[   14.036679] TCP established hash table entries: 8192 (order: 4, 65536 bytes)
[   14.044791] TCP bind hash table entries: 8192 (order: 5, 131072 bytes)
[   14.066243 TCP: Hah tablesonfigured (estalished 8192 bind 8192)
[   14.463036]UDP hash table entries: 512 (order: 2, 16384 bytes)
[   14.535055] UDP-Lite hash table entries: 512 (order: 2, 16384 bytes)
[   14.540936] NET: Registered protocol family 1
[   14.546451] pci 0000:00:00.0: Limiting direct PCII/PCI trsfers
[   14.698915] pci 0000:00:01.0: Activating IA A ngorarnd
[  15.456912] Unpackin itramfs...

[   16.726990] Freeing initrd memory: 14884K
[   16.755945] clocksource: tsc: mask: 0xffffffffffffffff max_cycles: 0x170ff5b61e4, max_idle_ns: 440795259995 ns
[   16.787092] platform rtc_cmos: registered platform RTC device (no PNP device found)
[   16.833601] Scanning for low memory corruption every 60 seconds
[   16.895699] audit: initializing netlink subsys (disabled)
[   16.957295] audit: type=2000 audit(1603804579.805:1): initialized
[   17.088997] Initialise system trusted keyring
[   17.121886] HugeTLB registered 2 MB page size, pre-allocated 0 pages
[   17.176822] zbud: loaded
[   17.203995] VFS: Disk quotas dquot_6.6.0
[   17.224776] VFS: Dquot-cache hash table entries: 512 (order 0, 4096 bytes)
[   17.255250] squashfs: verson 4.0 (2009/01/31) Phillip Lougher
[   17.507667] fuse init (API version 7.23)
[   17.513958] Key type bg_key registered
[   17.601728] Allocating IMA MOK and blacklist keyrings.

[   17.611590] Key type asymmetric registered
[   17.644717] Asymmetric key parser 'x509' registered
[   17.661156] Block layer SCSI generic (bsg) driver version 0.4 loaded (major 249)
[   17.682985] io scheduler noop registered
[   17.704855] io scheduler deadline registered (default)
[   17.717968] io scheduler cfq registered
[   17.724663] pci_hotplug: PCI Hot Plug PCI Core version: 0.5
[   17.729954] pciehp: PCI Express Hot Plug Controller Driver version: 0.4
[   17.751563] ACPI: AC Adapter [AC] (on-line)
[   17.773593] input: Power Button as /devices/LNXSYSTM:00/LNXPWRBN:00/input/input0
[   17.783445] ACPI: Power Button [PWRF]
[   17.804924] input: Sleep Button as /devices/LNXSYSTM:00/LNXSLPBN:00/input/input1
[   17..73895] ACPI: Sleep Button [SLPF]
[   17.903531] GHES: HEST is not enabled!
[   17.905484] ACPI: Battery Slot [BAT0] (battery present)
[   17.966364] Serial: 8250/16550 driver, 32 ports, IRQ sharing enabled
[   18.040027] 00:02: ttyS0 at I/O 0x3f8 (irq = 4, base_baud = 115200) is a 16550A
[   18.098111] Linux agpgart interface v0.103
[   18.127884] loop: module loaded
[   18.159003] scsi host0: ata_piix
[   18.173204] scsi host1: ata_piix
[   18.195075] ata1: PATA max UDMA/33 cmd 0x1f0 ctl 0x3f6 bmdma 0xd000 irq 14
[   18.223459] ata2: PATA max UDMA/33 cmd 0x170 ctl 0x376 bmdma 0xd008 irq 15
[   18.302597] libphy: Fixed MDIO Bus: probed
[   18.309270] tun: Universal TUN/TAP device driver, 1.6
[   18.314033] tun: (C) 1999-2004 Max Krasnyansky <maxk@qualcomm.com>
[   18.320648] PPP generic driver version 2.4.2
[   18.362198] ehci_hcd: USB 2.0 'Enhanced' Host Controller (EHCI) Driver
[   18.429634] ehci-pci: EHCI PCI platform driver
[   18.461306] ehci-platform: EHCI generic platform driver
[   18.475443] ohci_hcd: USB 1.1 'Open' Host Controller (OHCI) Driver
[   18.494378] ohci-pci: OHCI PCI platform driver
[   18.524040] ohci-platform: OHCI generic platform driver
[   18.545116] uhci_hcd: USB Universal Host Controller Interface driver
[   18.583022] i8042: PNP: PS/2 Controller [PNP0303:PS2K,PNP0f03:PS2M] at 0x6000x64 irq 1,12
[   18.650087] serio: i8042 KBD port at 0x60,0x64 irq 1
[   18.686989] serio: i8042 AUX port at 0x60,0x64 irq 12
[   18.710721] mousedev: PS/2 mouse device common for all mice
[   18.749479] input: AT Translated Set 2 keyboard as /devices/platform/i8042/serio0/input/input2
[   18.857017] rtc_cmos rtc_cmos: rtc core: registered rtc_cmos as rtc0
[   18.924597] rtc_cmos rtc_cmos: alarms up to one day, 114 bytes ra
[ 19.17216]2c/dev entries iv
[   9.4591] device-mpp: vent: version 1.0.3

[   20.202470] device-mapper: ioctl: 4.34.0-ioctl (2015-10-28) initialised: dm-devel@redhat.com
[   20.287108] ledtrig-cpu: registered to indicate activity on CPUs
[   20.305210] NET: Registered protocol family 10
[   20.310476] NET: Registered protocol family 17
[   20.315563] Key type dns_resolver registered
[   20.320396] regiitered taskstats version 1
[   20.361153] Loading compiled-in X.509 certificates
[   20.391052] Loaded X.509 cert 'Build time autogenerated kernel key: 399ad61e9457a71f6b31060684c17f14836880c9'
[   20.448408] zswap: loaded using pool lzo/zbud
[   20.482374] Key type trusted registered
[   20.540684] Key type encrypted registered
[   20.584917] AppArmor: AppArmor sha1 policy hashing enabled
[   20.614899] ima: No TPM chip found, activating TPM-bypass!
[   20.656716] ima: Allocated hash algorithm: sha1
[   20.692887] evm: HMAC attrs: 0x1
[   20.697439]   Magic number: 8:153:282
[   20.701062] tty tty19: hash matches
[   20.706082] rtc_cmos rtc_cmos: setting system clock to 2020-10-27 13:16:26 UTC (1603804586)
[   20.715189] BIOS EDD facility v0.16 2004-Jun-25, 0 devices found
[   20.785500] EDD information not available.
[   20.800032] Freeing unused kernel memory: 1492K
[   20.828520] Write protecting the kernel read-only data: 14336k
[   20.870010] Freeing unused kernel memory: 1588K
[   20.899100] Freeing unused kernel memory: 56K
Loading, please wait...
ssarting version[   20.977327] random: systemd-udevd: uninitialized urandom read (16 bytes read, 4 bits of entropy available)
 229
[   20.979748] random: udevadm: uninitialized urandom read (16 bytes read, 4 bits of entropy available)
[   20.979853] random: udevadm: uninitialized urandom read (16 bytes read, 4 bits of entropy available)
[   21.044699] random: udevadm: uninitialized urandom read (16 bytes read, 4 bits of entropy available)
[   21.044892] random: udevadm: uninitialized urandom read (16 bytes read, 4 bits of entropy available)
[   21.045591] random: udevadm: uninitialized urandom read (16 bytes read, 4 bits of entropy available)
[   21.045905] random: udevadm: uninitialized urandom read (16 bytes read, 4 bits of entropy available)
[   21.046183] random: udevadm: uninitialized urandom read (16 bytes read, 4 bits of entropy available)
[   21.046465] random: udevadm: uninitialized urandom read (16 bytes read, 4 bits of entropy available)
[   21.046902] random: udevadm: uninitialized urandom read (16 bytes read, 4 bits of entropy available)
[   21.569083] e1000: Intel(R) PRO/1000 Network Driver - version 7.3.21-k8-NAPI
[   23.843606] e1000: Copyright (c) 1999-2006 Intel Corporation.
[   23.894900] Fusion MPT base driver 3.04.20
[   23.899041] Copyright (c) 1999-2008 LSI Corporation
[   23.960723] SSE version of gcm_enc/dec engaged.
[   24.002827] Fusion MPT SPI Host driver 3.04.20
[   24.130114] input: ImExPS/2 Generic Explorer Mouse as /devices/platform/i8042/serio1/input/input4
[   24.785238] e1000 0000:00:03.0 eth0: (PCI:33MHz:32-bit) 02:e9:98:4f:cb:36
[   24.840428] e1000 0000:00:03.0 eth0: Intel(R) PRO/1000 Network Connection
[   24.936756] mptbase: ioc0: Initiating bringup
[   24.937661] e1000 0000:00:03.0 enp0s3: renamed from eth0
[   25.133848] ioc0: LSI53C1030 A0: Capabilities={Initiator}
[   26.549513] scsi host2: ioc0: LSI53C1030 A0, FwRev=00000000h, Ports=1, MaxQ=256, IRQ=20
[   28.631447] scsi 2:0:0:0: Direct-Access     VBOX     HARDDISK         1.0  PQ: 0 ANSI: 5
[   29.205720] scsi target2:0:0: Beginning Domain Validation
[   29.254148] scsi target2:0:0: Domain Validation skipping write tests
[   29.260979] scsi target2:0:0: Ending Domain Validation
[   29.273589] scsi target2:0:0: asynchronous
[   29.285763] scsi 2:0:1:0: Direct-Access     VBOX     HARDDISK         1.0  PQ: 0 ANSI: 5
[   29.299569] scsi target2:0:1: Beginning Domain Validation
[   29.316049] scsi target2:0:1: Domain Validation skipping write tests
[   30.200250] scsi target2:0:1: Ending Domain Validation
[   30.299175] scsi target2:0:1: asynchronous
[   30.896464] sd 2:0:0:0: [sda] 20971520 512-byte logical blocks: (10.7 GB/10.0 GiB)
[   30.981622] sd 2:0:0:0: Attached scsi generic sg0 type 0
[   30.983980] sd 2:0:1:0: Attached scsi generic sg1 type 0
[   31.039172] sd 2:0:1:0: [sdb] 20480 512-byte logical blocks: (10.5 MB/10.0 MiB)
[   31.051645] sd 2:0:0:0: [sda] Write Protect is off
[   31.054147] sd 2:0:0:0: [sda] Incomplete mode parameter data
[   31.054150] sd 2:0:0:0: [sda] Assuming drive cache: write through
[   31.153520]  sda: sda1
[   31.158434] sd 2:0:0:0: [sda] Attached SCSI disk
[   31.231547] sd 2:0:1:0: [sdb] Write Protect is off
[   31.253203] sd 2:0:1:0: [sdb] Incomplete mode parameter data
[   31.312101] sd 2:0:1:0: [sdb] Assuming drive cache: write through
[   31.382133] sd 2:0:1:0: [sdb] Attached SCSI disk
Begin: Loading essential drivers[   39.170574] md: linear personality registered for level -1
 ... [   39.231273] md: multipath personality registered for level -4
[   39.284815] md: raid0 personality registered for level 0
[   39.378047] md: raid1 personality registered for level 1
[   39.479412] raid6: sse2x1   gen()   114 MB/s
[   39.621209] raid6: sse2x1   xor()   372 MB/s
[   40.123986] raid6: sse2x2   gen()   176 MB/s
[   40.223134] raid6: sse2x2   xor()   846 MB/s
[   40.319201] raid6: sse2x4   gen()   216 MB/s
[   40.407762] raid6: sse2x4   xor()    86 MB/s
[   40.423454] raid6: using algorithm sse2x4 gen() 216 MB/s
[   40.456994] raid6: .... xor() 86 MB/s, rmw enabled
[   40.539595] raid6: using ssse3x2 recovery algorithm
[   40.806612] xor: measuring software checksum speed
[   40.885127]    prefetch64-sse:  4447.000 MB/sec
[   40.955831]    generic_sse:  4299.000 MB/sec
[   40.970489] xor: using function: prefetch64-sse (4447.000 MB/sec)
[   41.068352] async_tx: api initialized (async)
[   41.290033] md: raid6 personality registered for level 6
[   41.340459] md: raid5 personality registered for level 5
[   41.351449] md: raid4 personality registered for level 4
[   41.455631] md: raid10 personality registered for level 10
done.
Begin: Running /scripts/init-premount ... done.
Begin: Mounting root file system ... Begin: Running /scripts/local-top ... done.
Begin: Running /scripts/local-premount ... [   41.917568] Btrfs loaded
Scanning for Btrfs filesystems
done.
Warning: fsck not present, so skipping root file system
[   42.428317] random: nonblocking pool is initialized
[   42.810507] EXT4-fs (sda1): mounted filesystem with ordered data mode. Opts: (null)
done.
Begin: Running /scripts/local-bottom ... done.
Begin: Running /scripts/init-bottom ... done.
[   46.254389] systemd[1]: systemd 229 running in system mode. (+PAM +AUDIT +SELINUX +IMA +APPARMOR +SMACK +SYSVINIT +UTMP +LIBCRYPTSETUP +GCRYPT +GNUTLS +ACL +XZ -LZ4 +SECCOMP +BLKID +ELFUTILS +KMOD -IDN)
[   46.332752] systemd[1]: Detected virtualization oracle.
[   46.371721] systemd[1]: Detected architecture x86-64.

Welcome to [1mUbuntu 16.04.7 LTS[0m!

[   46.624367] systemd[1]: Set hostname to <ubuntu>.
[   46.883163] systemd]: Initializing machine ID from random generator.

[   47.157665] systemd[1]: Installed transient /etc/machine-id file.
[   49.642637] systemd[1]: Listening on LVM2 poll daemon socket.
[[0;32m  OK  [0m] Listening on LVM2 poll daemon socket.
[   49.718851] systemd[1]: Reached target System Time Synchronized.
[[0;32m  OK  [0m] Reached target System Time Synchronized.
[   49.800805] systemd[1]: Reached target User and Group Name Lookups.
[[0;32m  OK  [0m] Reached target User and Group Name Lookups.
[   49.985671] systemd[1]: Listening on LVM2 metadata daemon socket.
[[0;32m  OK  [0m] Listening on LVM2 metadata daemon socket.
[   50.072333] systemd[1]: Listening on /dev/initctl Compatibility Named Pipe.
[[0;32m  OK  [0m] Listening on /dev/initctl Compatibility Named Pipe.
[   50.168790] systemd[1]: Listening on udev Control Socket.
[[0;32m  OK  [0m] Listening on udev Control Socket.
[   50.300329] systemd[1]: Listening on Journal Audit Socket.
[[0;32m  OK  [0m] Listening on Journal Audit Socket.
[   50.611711] systemd[1]: Started Forward Password Requests to Wall Directory Watch.
[[0;32m  OK  [0m] Started Forward Password Requests to Wall Directory Watch.
[   50.685635] systemd[1]: Set up automount Arbitrary Executable File Formats File System Automount Point.
[[0;32m  OK  [0m] Set up automount Arbitrary Executab...ats File System Automount Point.
[   50.784787] systemd[1]: Listening on Syslog Socket.
[[0;32m  OK  [0m] Listening on Syslog Socket.
[   50.859099] systemd[1]: Reached target Encrypted Volumes.
[[0;32m  OK  [0m] Reached target Encrypted Volumes.
[   50.882112] systemd[1]: Created slice User and Session Slice.
[[0;32m  OK  [0m] Created slice User and Session Slice.
[   50.952233] systemd[1]: Created slice System Slice.
[[0;32m  OK  [0m] Created slice System Slice.
[   50.980748] systemd[1]: Created slice system-serial\x2dgetty.slice.
[[0;32m  OK  [0m] Created slice system-serial\x2dgetty.slice.
[   51.023119] systemd[1]: Listening on Journal Socket.
[[0;32m  OK  [0m] Listening on Journal Socket.
[   51.144020] systemd[1]: Mounting Huge Pages File System...
         Mounting Huge Pages File System...
[   51.263690] systemd[1]: Starting Create list of required static device nodes for the current kernel...
         Starting Create list of required st... nodes for the current kernel...
[   51.408586] systemd[1]: Starting Remount Root and Kernel File Systems...
[   51.437363] EXT4-fs (sda1): re-mounted. Opts: (null)
         Starting Remount Root ann Kernel File Systems...
[   51.576271] systemd[1]: Starting Nameserver information manager...
         Starting Nameserver information manager...
[   51.695406] systemd[1]: Mounting Debug File System...
         Mounting Debug File System...
[   51.816256] systemd[1]: Mounting POSIX Message Queue File System...
         Mounting POSIX Message Queue File System...
[   51.891826] systemd[1]: Starting Uncomplicated firewall...
         Starting Uncomplicated firewall...
[   51.976446] systemd[1]: Reached target Swap.
[[0;32m  OK  [0m] Reached target Swap.
[   52.056030] systemd[1]: Listening on udev Kernel Socket.
[[0;32m  OK  [0m] Listening on udev Kernel Socket.
[   52.144420] systemd[1]: Reached target Slices.
[[0;32m  OK  [0m] Reached target Slices.
[   52.193065] systemd[1]: Started Trigger resolvconf update for networkd DNS.
[[0;32m  OK  [0m] Started Trigger resolvconf update for networkd DNS.
[   52.276618] systemd[1]: Listening on Journal Socket (/dev/log).
[[0;32m  OK  [0m] Listening on Journal Socket (/dev/log).
[   52.392500] systemd[1]: Starting Journal Service...
         Starting Journal Service...
[   52.544420] systemd[1]: Starting Load Kernel Modules...
         Starting Load Kernel Modules...
[   52.643021] systemd[1]: Listening on Device-mapper event daemon FIFOs.
[[0;32m  OK  [0m] Listening on Device-mapper event daemon FIFOs.
[   52.732147] systemd[11: Starting Monitoring of LVM2 mirrors, snapshots etc. using dmeventd or progress polling...
[   52.776773] Loading iSCSI transport class v2.0-870.
         Starting Monitoring of LVM2 mirrors... dmeventd or progress polling...
[   52.916848] systemd[1]: Starting Set console keymap...
         Starting Set con[   52.989597] iscsi: registered transport (tcp)
sole keymap...
[   53.110636] systemd[1]: Mounted POSIX Message Queue File System.
[[0;32m  OK  [0m] Mounted POSIX Message Queue File System.
[   53.230544] systemd[1]: Mounted Huge Pages File System.
[[0;32m  OK  [0m] Mounted Huge Pages File System.
[   53.396365] systemd[1]: Mounted Debug File System.
[[0;32m  OK  [0m] Mounted Debug File System.
[   53.589601] systemd[1]: Started Journal Service.
[[0;32m  OK  [0m] Started Journal Service.
[   53.757270] iscsi: registered transport (iser)
[[0;32m  OK  [0m] Started Create list of required sta...ce nodes for the current kernel.
[[0;32m  OK  [0m] Started Remount Root and Kernel File Systems.
[[0;32m  OK  [0m] Started Uncomplicated firewall.
[[0;32m  OK  [0m] Started Load Kernel Modules.
[[0;32m  OK  [0m] Started Set console keymap.
[[0;32m  OK  [0m] Started Nameserver information manager.
[[0;32m  OK  [0m] Started LVM2 metadata daemon.
         Starting Apply Kernel Variables...
         Mounting FUSE Control File System...
         Starting udev Coldplug all Devices...
         Starting Load/Save Random Seed...
         Starting Create Static Device Nodes in /dev...
         Starting Flush Journal to Persistent Storage...
[[0;32m  OK  [0m] Mounted FUSE Control File System.
[[0;32m  OK  [0m] Started Monitoring of LVM2 mirrors,...ng dmeventd or progress polling.
[[0;32m  OK  [0m] Started Apply Kernel Variables.
[[0;32m  OK  [0m] Started Load/Save Random Seed.
[[0;32m  OK  [0m] Started Create Static Device Nodes in /dev.
         Starting udev Kernel Device Manager...
[[0;32m  OK  [0m] Reached target Local File Systems (Pre).
[[0;32m  OK  [0m] Reached target Local File Systems.
         Starting Initial cloud-init job (pre-networking)...
         Starting Set console font and keymap...
         Starting LSB: AppArmor initialization...
         Starting Tell Plymouth To Write Out Runtime Data...
         Starting Commit a transient machine-id on disk...
[[0;32m  OK  [0m] Started udev Coldplug all Devices.
[[0;32m  OK  [0m] Started Tell Plymouth To Write Out Runtime Data.
[[0;32m  OK  [0m] Started Commit a transient machine-id on disk.
[[0;32m  OK  [0m] Started udev Kernel Device Manager.
[[0;32m  OK  [0m] Started Dispatch Password Requests to Console Directory Watch.
[[0;32m  OK  [0m] Started Flush Journal to Persistent Storage.
         Starting Create Volatile Files and Directories...
[[0;32m  OK  [0m] Started Create Volatile Files and Directories.
         Starting Update UTMP about System Boot/Shutdown...
[[0;32m  OK  [0m] Started Update UTMP about System Boot/Shutdown.
[[0;32m  OK  [0m] Found device /dev/ttyS0.
[[0;32m  OK  [0m] Started Set console font and keymap.
[[0;32m  OK  [0m] Created slice system-getty.slice.
[[0;32m  OK  [0m] Listening on Load/Save RF Kill Switch Status /dev/rfkill Watch.
[[0;32m  OK  [0m] Started LSB: AppArmor initialization.
         Starting Load AppArmor profiles managed internally by snapd...
[[0;32m  OK  [0m] Started Load AppArmor profiles managed internally by snapd.
[   72.810974] cloud-init[470]: Cloud-init v. 20.3-2-g371b392c-0ubuntu1~16.04.1 running 'init-local' at Tue, 27 Oct 2020 13:17:27 +0000. Up 69.52 seconds.
[[0;32m  OK  [0m] Started Initial cloud-init job (pre-networking).
[[0;32m  OK  [0m] Reached target Network (Pre).
         Starting Raise network interfaces...
[[0;32m  OK  [0m] Started Raise network interfaces.
[[0;32m  OK  [0m] Reached target Network.
         Starting Initial cloud-init job (metadata service crawler)...
[   90.805923] cloud-init[954]: Cloud-init v. 20.3-2-g371b392c-0ubuntu1~16.04.1 running 'init' at Tue, 27 Oct 2020 13:17:35 +0000. Up 78.32 seconds.
[   91.438681] cloud-init[954]: ci-info: ++++++++++++++++++++++++++++++++++++++Net device info++++++++++++++++++++++++++++++++++++++
[   91.533290] cloud-init[954]: ci-info: +--------+------+----------------------------+---------------+--------+-------------------+
[   91.635208] cloud-init[954]: ci-info: | Device |  Up  |          Address           |      Mask     | Scope  |     Hw-Address    |
[[0;32m  OK  [0m] Started Initial cloud-init job (metadata service crawler).
[[0;32m  OK  [0m] Reached target Network is Online.
[   91.774753] cloud-init[954]: ci-info: +--------+------+----------------------------+---------------+--------+-------------------+
[   92.442174]          Starting iSCSI initiator daemon (iscsid)...
[[0;32m  OK  [0m] Reached target Cloud-config availability.
cloud-init[954]: ci-info: | enp0s3 | True |         10.0.2.15          | 255.255.255.0 | global | 02:e9:98:4f:cb:36 |
[   92.705280] [cloud-init[0;32m  OK  [0m[954]: ] ci-info: | enp0s3 | True | fe80::e9:98ff:fe4f:cb36/64 |       .       |  link  | 02:e9:98:4f:cb:36 |Reached target System Initialization.

         Starting Socket activation for snappy daemon.
[[0;32m  OK  [0m] Started Daily Cleanup of Temporary Directories.
[[0;32m  OK  [0m] Started Daily apt download activities.
[[0;32m  OK  [0m] Started Daily apt upgrade and clean activities.
[[0;32m  OK  [0m] Listening on D-Bus System Message Bus Socket.
[   92.707004] cloud-init[954]: ci-info: |   lo   | True |         127.0.0.1          |   255.0.0.0   |  host  |         .         |
[   93.044194] cloud-init[954]: ci-info: |   lo   | True |          ::1/128           |       .       |  host  |         .         |
[   93.158531] cloud-init[954]: ci-info: +--------+------+----------------------------+---------------+--------+-------------------+
[   93.228042] [cloud-init[0;32m  OK  [0m[954]: ] ci-info: +++++++++++++++++++++++++++Route IPv4 info++++++++++++++++++++++++++++Started ACPI Events Check.

[[0;32m  OK  [0m] Reached target Paths.
[[0;32m  OK  [0m] Listening on ACPID Listen Socket.
[[0;32m  OK  [0m] [   93.234765] cloud-init[954]: ci-info: +-------+-------------+----------+---------------+-----------+-------+
[   93.413152] cloud-init[954]: ci-info: | Route | Destination | Gateway  |    Genmask    | Interface | Flags |
Started Message of the Day.
[[0;32m  OK  [0m] Reached target Timers.
[[0;32m  OK  [0m] Listening on UUID daemon activation socket.
[   93.414197] cloud-init[954]: ci-info: +-------+-------------+----------+---------------+-----------+-------+
[   93.840832] cloud-init[954]: ci-info: |   0   |   0.0.0.0   | 10.0.2.2 |    0.0.0.0    |   enp0s3  |   UG  |
[   94.061056] cloud-init[954]: ci-info: |   1   |   10.0.2.0  | 0.0.0.0  | 255.255.255.0 |   enp0s3  |   U   |
[   94.600391]          cloud-initStarting LXD - unix socket.[954]: 
ci-info: +-------+-------------+----------+---------------+-----------+-------+
[   94.773349] [[0;32m  OK  [0m] Listening on Socket activation for snappy daemon.
[[0;32m  OK  [0m] Listening on LXD - unix socket.
[[0;32m  OK  [0m] Started iSCSI initiator daemon (iscsid).
cloud-init[954]: ci-info: +++++++++++++++++++Route IPv6 info+++++++++++++++++++
[   95.067951]          Starting Login to default iSCSI targets...
[[0;32m  OK  [0m] Reached target Sockets.
[[0;32m  OK  [0m] Reached target Basic System.
cloud-init[954]: ci-info: +-------+-------------+---------+-----------+-------+
[   95.228553] cloud-init[954]: ci-info: | Route | Destination | Gateway | Interface | Flags |
         Starting LSB: Record successful boot for GRUB...
[   95.232787] cloud-init[954]: ci-info: +-------+-------------+---------+-----------+-------+
[   95.487439]          Starting Pollinate to seed the pseudo random number generator...
cloud-init[954]: ci-info: |   0   |  fe80::/64  |    ::   |   enp0s3  |   U   |
[   95.567991] cloud-init[954]: ci-info: |   4   |   ff00::/8  |    ::   |   enp0s3  |   U   |
[   95.603653] cloud-init[954]: ci-info: +-------+-------------+---------+-----------+-------+
         Starting /etc/rc.local Compatibility...
[   95.772260] cloud-init[954]: Generating public/private rsa key pair.
[[0;32m  OK  [0m] Started D-Bus System Message Bus.
[   95.945935] cloud-init[954]: Your identification has been saved in /etc/ssh/ssh_host_rsa_key.
[   96.008582] cloud-init[954]: Your public key has been saved in /etc/ssh/ssh_host_rsa_key.pub.
[   96.157757] cloud-init[954]: The key fingerprint is:
[   96.202242] cloud-init[954]: SHA256:0IjRkIVpC0N2BHYcuTIk586G4k9FMCEhnRNc0+6stRc root@ubuntu-xenial
[   96.329112] cloud-init[954]: The key's randomart image is:
[   96.398093] cloud-init[954]: +---[RSA 2048]----+
[   96.461747] cloud-init[954]: |.*B@@@.          |
[   96.505871] cloud-init[954]: |oo@oX+oo         |
[   96.592881] cloud-init[954]: | = =.=o .        |
[   96.666931] cloud-init[954]: |  + + ..         |
[   96.756626] cloud-init[954]: | + o +  S        |
[   96.757528] cloud-init[954]: |o + . + E        |
[   96.758841] cloud-init[954]: |o. . o . .       |
[   96.759078] cloud-init[954]: | .. . . .        |
[   96.760239] cloud-init[954]: |  ..   .         |
[   96.760594] cloud-init[954]: +----[SHA256]-----+
[   96.760905] cloud-init[954]: Generating public/private dsa key pair.
[   96.761137] cloud-init[954]: Your identification has been saved in /etc/ssh/ssh_host_dsa_key.
[   96.761358] cloud-init[954]: Your public key has been saved in /etc/ssh/ssh_host_dsa_key.pub.
[   96.761582] cloud-init[954]: The key fingerprint is:
[   96.761843] cloud-init[954]: SHA256:ASLOsuZgZpWSAyQJq0Wj8uwACjF7bXulRUHb92td0iM root@ubuntu-xenial
[   96.762067] cloud-init[954]: The key's randomart image is:
[   96.762305] cloud-init[954]: +---[DSA 1024]----+
[   96.762533] cloud-init[954]: |Oo+ . ..+.       |
[   96.762935] cloud-init[954]: |+X.+.. o o       |
[   96.767439] cloud-init[954]: |O+=oo   = . .    |
[   96.767744] cloud-init[954]: |*B+. . + . . . . |
[   96.767973] cloud-init[954]: |*=o . o S    Eo.o|
[   96.773572] cloud-init[954]: |Bo   .        .+o|
[   96.774304] cloud-init[954]: | ..           o .|
[   96.774612] cloud-init[954]: |             .   |
[   96.774961] cloud-init[954]: |                 |
[   96.775193] cloud-init[954]: +----[SHA256]-----+
[   96.775422] cloud-init[954]: Generating public/private ecdsa key pair.
[   96.775644] cloud-init[954]: Your identification has been saved in /etc/ssh/ssh_host_ecdsa_key.
[   96.776274] cloud-init[954]: Your public key has been saved in /etc/ssh/ssh_host_ecdsa_key.pub.
[   96.776574] cloud-init[954]: The key fingerprint is:
[   96.776803] cloud-init[954]: SHA256:UtBobYWRhTk7TzU/QkSsnWTlqOWX3SEXUfgihIRp2U8 root@ubuntu-xenial
[   96.777060] cloud-init[954]: The key's randomart image is:
[   96.777286] cloud-init[954]: +---[ECDSA 256]---+
[   96.777532] cloud-init[954]: |      .+.#+=o..++|
[   96.777760] cloud-init[954]: |      o.# o Eo. .|
[   96.778621] cloud-init[954]: |     . o.o @o=.+ |
[   96.778919] cloud-init[954]: |       .o o+* *o+|
[   96.779152] cloud-init[954]: |      . S+. .oooo|
         Starting System Logging Service...
[   96.810529] cloud-init[954]: |       .  .  .   |
[   99.210002] cloud-init[954]: |                 |
[   99.325495] cloud-init[954]: |                 |
[   99.353571] cloud-init[954]: |                 |
[   99.415007] cloud-init[954]: +----[SHA256]-----+
         [   99.469682] cloud-init[954]: Generating public/private ed25519 key pair.
[   99.471857] cloud-init[954]: Your identification has been saved in /etc/ssh/ssh_host_ed25519_key.
Starting Virtualbox guest utils...
[   99.474150] cloud-init[954]: Your public key has been saved in /etc/ssh/ssh_host_ed25519_key.pub.
[   99.719231] cloud-init[954]: The key fingerprint is:
         Starting LXD - container startup/shutdown...
[   99.721762] cloud-init[954]: SHA256:zWpoq3vfs/elb4oQrcBeUPcfC2t7+CKG8vMy487EJIs root@ubuntu-xenial
[  100.006990] cloud-init[954]: The key's randomart image is:
[  100.008441] cloud-init[954]: +--[ED25519 256]--+
         Starting Login Service...
[  100.008682] cloud-init[954]: |          . .    |
         Starting LSB: MD monitoring daemon...
[  100.416856] cloud-init[954]: |         . . .   |
[  100.518707] cloud-init[954]: |        .    ... |
[  100.519501] cloud-init[954]: |       . + .  o.o|
[[0;32m  OK  [0m] Started Deferred execution scheduler.
[  100.520070] cloud-init[954]: |       .S.= .o ..|
[  100.981648] cloud-init[954]: |      .o=+ o. o  |
[[  100.983578] [0;32m  OK  [0mcloud-init] [954]: Started Regular background program processing daemon.|     Eo.+o+  o ..|

[  100.983894] cloud-init[954]: |     ..+oB.+.ooo.|
[  101.154429] cloud-init[954]: |    o+..*=X=o.==.|
[[  101.243520] cloud-init[954]: +----[SHA256]-----+
[0;32m  OK  [0m] Started ACPI event daemon.
[[0;32m  OK  [0m] Started FUSE filesystem for LXC.
         Starting Accounts Service...
         Starting Snap Daemon...
[[0;32m  OK  [0m] Started System Logging Service.
[[0;32m  OK  [0m] Started Pollinate to seed the pseudo random number generator.
[[0;32m  OK  [0m] Started /etc/rc.local Compatibility.
         Starting OpenBSD Secure Shell server...
[[0;32m  OK  [0m] Started Login Service.
[[0;32m  OK  [0m] Started LSB: Record successful boot for GRUB.
[[0;32m  OK  [0m] Started LXD - container startup/shutdown.
[[0;32m  OK  [0m] Started LSB: MD monitoring daemon.
[[0;32m  OK  [0m] Started Login to default iSCSI targets.
[[0;32m  OK  [0m] Reached target Remote File Systems (Pre).
[[0;32m  OK  [0m] Reached target Remote File Systems.
         Starting LSB: automatic crash report generation...
         Starting LSB: Set the CPU Frequency Scaling governor to "ondemand"...
         Starting Permit User Sessions...
         Starting LSB: daemon to balance interrupts for SMP systems...
[[0;32m  OK  [0m] Started Unattended Upgrades Shutdown.
[[0;32m  OK  [0m] Started OpenBSD Secure Shell server.
[[0;32m  OK  [0m] Started Virtualbox guest utils.
[[0;32m  OK  [0m] Started Permit User Sessions.
         Starting Authenticate and Authorize Users to Run Privileged Tasks...
         Starting Terminate Plymouth Boot Screen...
         Starting Hold until boot process finishes up...
[[0;32m  OK  [0m] Started LSB: automatic crash report generation.
[[0;32m  OK  [0m] Started Terminate Plymouth Boot Screen.
[[0;32m  OK  [0m] Started Hold until boot process finishes up.
[[0;32m  OK  [0m] Started Authenticate and Authorize Users to Run Privileged Tasks.
[[0;32m  OK  [0m] Started Accounts Service.
[[0;32m  OK  [0m] Started Getty on tty1.
[[0;32m  OK  [0m] Started Serial Getty on ttyS0.
[[0;32m  OK  [0m] Reached target Login Prompts.
         Starting Set console scheme...
[[0;32m  OK  [0m] Started LSB: Set the CPU Frequency Scaling governor to "ondemand".
[[0;32m  OK  [0m] Started LSB: daemon to balance interrupts for SMP systems.
[[0;32m  OK  [0m] Started Set console scheme.
[[0;32m  OK  [0m] Started Snap Daemon.
         Starting Wait until snapd is fully seeded...

Ubuntu 16.04.7 LTS ubuntu-xenial ttyS0

ubuntu-xenial login: [  131.405296] cloud-init[1389]: Generating locales (this might take a while)...
[  138.997017] cloud-init[1389]:   en_US.UTF-8... done
[  139.005688] cloud-init[1389]: Generation complete.
[  144.362844] cloud-init[1389]: Cloud-init v. 20.3-2-g371b392c-0ubuntu1~16.04.1 running 'modules:config' at Tue, 27 Oct 2020 13:18:26 +0000. Up 128.56 seconds.
ci-info: no authorized SSH keys fingerprints found for user ubuntu.
<14>Oct 27 13:18:48 ec2: 
<14>Oct 27 13:18:48 ec2: #############################################################
<14>Oct 27 13:18:48 ec2: -----BEGIN SSH HOST KEY FINGERPRINTS-----
<14>Oct 27 13:18:48 ec2: 1024 SHA256:ASLOsuZgZpWSAyQJq0Wj8uwACjF7bXulRUHb92td0iM root@ubuntu-xenial (DSA)
<14>Oct 27 13:18:48 ec2: 256 SHA256:UtBobYWRhTk7TzU/QkSsnWTlqOWX3SEXUfgihIRp2U8 root@ubuntu-xenial (ECDSA)
<14>Oct 27 13:18:48 ec2: 256 SHA256:zWpoq3vfs/elb4oQrcBeUPcfC2t7+CKG8vMy487EJIs root@ubuntu-xenial (ED25519)
<14>Oct 27 13:18:48 ec2: 2048 SHA256:0IjRkIVpC0N2BHYcuTIk586G4k9FMCEhnRNc0+6stRc root@ubuntu-xenial (RSA)
<14>Oct 27 13:18:48 ec2: -----END SSH HOST KEY FINGERPRINTS-----
<14>Oct 27 13:18:48 ec2: #############################################################
-----BEGIN SSH HOST KEY KEYS-----
ecdsa-sha2-nistp256 AAAAE2VjZHNhLXNoYTItbmlzdHAyNTYAAAAIbmlzdHAyNTYAAABBBEwYxYQzc+/5eKVjEXPLXxOTMt65saZ9ih4zjMZKglq9g54FtO4ZtTy4hGV2KKONwHzj8budKONi594EC+3y3ws= root@ubuntu-xenial
ssh-ed25519 AAAAC3NzaC1lZDI1NTE5AAAAIBYJBCPjWZiU+jKaZ7eZrweOKxGhw9rF8n1P43LT9BhE root@ubuntu-xenial
ssh-rsa AAAAB3NzaC1yc2EAAAADAQABAAABAQDIamAePU1vIg9x7MXO1f/k4wgk2kx+QmTOkhCll+Cvx3+unEaBs7LIXW839W1FHE1hOeYFt9Of3SKf0yjMn0+q/hZrdqiSLJyxr7rJvQAv2zVhUG+3u7oZJl7Cm1W+ZQk+05Zgmn7W0WgGyVj1IDNIXp0wKVUXjvlQ4oc4UaD22PmoiYa4XfcJVkhJjMRsAEZ/nm3iO0ZDR8n12jApAf0tAvt+ZF4oGEjYD/Fz0mY6nzLij4qHu9nZQhqVYBJC9oTqTqugCQ7QnSeuSCCwdPfwUiAnpuhMZ6p81LNWTfRJ02WCp86hFJ5MlQH/h3PtY/KbHO9GuMi4zv3ZgxxF5MWR root@ubuntu-xenial
-----END SSH HOST KEY KEYS-----
[  150.825708] cloud-init[1444]: Cloud-init v. 20.3-2-g371b392c-0ubuntu1~16.04.1 running 'modules:final' at Tue, 27 Oct 2020 13:18:46 +0000. Up 148.81 seconds.
[  150.826555] cloud-init[1444]: ci-info: no authorized SSH keys fingerprints found for user ubuntu.
[  150.827732] cloud-init[1444]: Cloud-init v. 20.3-2-g371b392c-0ubuntu1~16.04.1 finished at Tue, 27 Oct 2020 13:18:48 +0000. Datasource DataSourceNoCloud [seed=/dev/sdb][dsmode=net].  Up 150.71 seconds
[[0;32m  OK  [0m] Stopped Unattended Upgrades Shutdown.
[[0;32m  OK  [0m] Closed Load/Save RF Kill Switch Status /dev/rfkill Watch.
         Stopping Session 4 of user vagrant.
         Stopping User Manager for UID 1000...
[[0;32m  OK  [0m] Stopped target Graphical Interface.
         Stopping Accounts Service...
         Stopping ACPI event daemon...
[[0;32m  OK  [0m] Stopped target Timers.
[[0;32m  OK  [0m]         Stopping Serial Getty on ttyS0...
         Stopping LSB: Set the CPU Frequency Scaling governor to "ondemand"...
         Stopping LSB: MD monitoring daemon...
         Stopping Authenticate and Authorize Users to Run Privileged Tasks...
[[0;32m  OK  [0m] Unmounted /var/lib/lxcfs.
[[0;32m  OK  [0m] Stopped System Logging Service.
[[0;32m  OK  [0m] Stopped Deferred execution scheduler.
[[0;32m  OK  [0m] Stopped Regular background program processing daemon.
[[0;32m  OK  [0m] Stopped ACPI event daemon.
[[0;32m  OK  [0m] Stopped Accounts Service.
[[0;32m  OK  [0m] Stopped OpenBSD Secure Shell server.
[[0;32m  OK  [0m] Stopped Authenticate and Authorize Users to Run Privileged Tasks.
[[0;32m  OK  [0m] Stopped Getty on tty1.
[[0;32m  OK  [0m] Stopped Serial Getty on ttyS0.
[[0;32m  OK  [0m] Stopped User Manager for UID 1000.
[[0;32m  OK  [0m] Stopped Session 4 of user vagrant.
[[0;32m  OK  [0m] Stopped D-Bus System Message Bus.
[[0;32m  OK  [0m] Stopped FUSE filesystem for LXC.
[[0;32m  OK  [0m] Stopped LXD - container startup/shutdown.
[[0;32m  OK  [0m] Stopped LSB: Record successful boot for GRUB.
[[0;32m  OK  [0m] Removed slice User Slice of vagrant.
         Stopping Login Service...
[[0;32m  OK  [0m] Removed slice system-serial\x2dgetty.slice.
[[0;32m  OK  [0m] Removed slice system-getty.slice.
[[0;32m  OK  [0m] Stopped /etc/rc.local Compatibility.
         Stopping Permit User Sessions...
[[0;32m  OK  [0m] Stopped Login Service.
[[0;32m  OK  [0m] Stopped LSB: automatic crash report generation.
[[0;32m  OK  [0m] Stopped LSB: daemon to balance interrupts for SMP systems.
[[0;32m  OK  [0m] Stopped Virtualbox guest utils.
[[0;32m  OK  [0m] Stopped LSB: Set the CPU Frequency Scaling governor to "ondemand".
[[0;32m  OK  [0m] Stopped LSB: MD monitoring daemon.
[[0;32m  OK  [0m] Stopped Permit User Sessions.
[[0;32m  OK  [0m] Stopped target Remote File Systems.
[[0;32m  OK  [0m] Stopped target Remote File Systems (Pre).
         Stopping Login to default iSCSI targets...
[[0;32m  OK  [0m] Stopped target User and Group Name Lookups.
[[0;32m  OK  [0m] Stopped target Basic System.
[[0;32m  OK  [0m] Stopped target Slices.
[[0;32m  OK  [0m] Removed slice User and Session Slice.
[[0;32m  OK  [0m] Stopped target Paths.
[[0;32m  OK  [0m] Stopped Forward Password Requests to Wall Directory Watch.
[[0;32m  OK  [0m] Stopped Dispatch Password Requests to Console Directory Watch.
[[0;32m  OK  [0m] Stopped ACPI Events Check.
[[0;32m  OK  [0m] Stopped target Sockets.
[[0;32m  OK  [0m] Closed Syslog Socket.
[[0;32m  OK  [0m] Closed LXD - unix socket.
[[0;32m  OK  [0m] Closed ACPID Listen Socket.
[[0;32m  OK  [0m] Closed Socket activation for snappy daemon.
[[0;32m  OK  [0m] Closed D-Bus System Message Bus Socket.
[[0;32m  OK  [0m] Closed UUID daemon activation socket.
[[0;32m  OK  [0m] Stopped target System Initialization.
         Stopping Update UTMP about System Boot/Shutdown...
[[0;32m  OK  [0m] Stopped target Swap.
[[0;32m  OK  [0m] Stopped target Encrypted Volumes.
         Stopping Load/Save Random Seed...
[[0;32m  OK  [0m] Stopped Commit a transient machine-id on disk.
[[0;32m  OK  [0m] Stopped Load/Save Random Seed.
[[0;32m  OK  [0m] Stopped Update UTMP about System Boot/Shutdown.
[[0;32m  OK  [0m] Stopped Create Volatile Files and Directories.
[[0;32m  OK  [0m] Stopped Login to default iSCSI targets.
         Stopping iSCSI initiator daemon (iscsid)...
[[0;32m  OK  [0m] Stopped iSCSI initiator daemon (iscsid).
[[0;32m  OK  [0m] Stopped target Network is Online.
[[0;32m  OK  [0m] Stopped Initial cloud-init job (metadata service crawler).
[[0;32m  OK  [0m] Stopped target Network.
         Stopping Raise network interfaces...
[[0;32m  OK  [0m] Stopped Raise network interfaces.
[[0;32m  OK  [0m] Stopped target Network (Pre).
[[0;32m  OK  [0m] Stopped Initial cloud-init job (pre-networking).
[[0;32m  OK  [0m] Stopped Apply Kernel Variables.
[[0;32m  OK  [0m] Stopped Load Kernel Modules.
[[0;32m  OK  [0m] Stopped target Local File Systems.
         Unmounting /run/user/1000...
         Unmounting /vagrant...
[[0;32m  OK  [0m] Unmounted /run/user/1000.
[[0;32m  OK  [0m] Unmounted /vagrant.
[[0;32m  OK  [0m] Reached target Unmount All Filesystems.
[[0;32m  OK  [0m] Stopped target Local File Systems (Pre).
[[0;32m  OK  [0m] Stopped Create Static Device Nodes in /dev.
         Stopping Monitoring of LVM2 mirrors... dmeventd or progress polling...
[[0;32m  OK  [0m] Stopped Remount Root and Kernel File Systems.
[[0;32m  OK  [0m] Reached target Shutdown.
[  460.265804] reboot: Power down
